TN:
SF:src\core\domain\errors\domain-error.ts
FN:4,DomainError
FNF:1
FNH:1
FNDA:2,DomainError
DA:1,1
DA:2,1
DA:3,1
DA:4,1
DA:5,2
DA:6,2
DA:7,2
DA:8,2
DA:9,1
LF:9
LH:9
BRDA:4,0,0,2
BRDA:7,1,0,0
BRF:2
BRH:1
end_of_record
TN:
SF:src\core\infra\database\connections\connection.ts
FN:6,getConnection
FN:16,initConnection
FNF:2
FNH:0
FNDA:0,getConnection
FNDA:0,initConnection
DA:1,1
DA:2,1
DA:3,1
DA:4,1
DA:5,1
DA:6,1
DA:7,0
DA:8,0
DA:9,0
DA:10,0
DA:11,0
DA:12,0
DA:13,0
DA:14,0
DA:15,1
DA:16,1
DA:17,0
DA:18,0
DA:19,0
DA:20,0
DA:21,1
LF:21
LH:9
BRF:0
BRH:0
end_of_record
TN:
SF:src\core\infra\database\connections\redis.ts
FN:7,initConnection
FN:13,getConnection
FNF:2
FNH:0
FNDA:0,initConnection
FNDA:0,getConnection
DA:1,1
DA:2,1
DA:3,1
DA:4,1
DA:5,1
DA:6,1
DA:7,1
DA:8,0
DA:9,0
DA:10,0
DA:11,0
DA:12,1
DA:13,1
DA:14,0
DA:15,0
DA:16,0
DA:17,0
DA:18,0
DA:19,0
DA:20,1
LF:20
LH:10
BRF:0
BRH:0
end_of_record
TN:
SF:src\core\infra\database\entities\Note.ts
FN:25,generateUid
FN:20,Object.<anonymous>.__decorate.name
FNF:2
FNH:0
FNDA:0,generateUid
FNDA:0,Object.<anonymous>.__decorate.name
DA:1,1
DA:2,1
DA:3,1
DA:4,1
DA:5,1
DA:6,1
DA:7,1
DA:8,1
DA:9,1
DA:10,1
DA:11,1
DA:12,1
DA:13,1
DA:14,1
DA:15,1
DA:16,1
DA:17,1
DA:18,1
DA:19,1
DA:20,1
DA:21,1
DA:22,1
DA:23,1
DA:24,1
DA:25,1
DA:26,0
DA:27,0
DA:28,1
LF:28
LH:26
BRF:0
BRH:0
end_of_record
TN:
SF:src\core\infra\database\entities\User.ts
FNF:0
FNH:0
DA:1,1
DA:2,1
DA:3,1
DA:4,1
DA:5,1
DA:6,1
DA:7,1
DA:8,1
DA:9,1
DA:10,1
DA:11,1
DA:12,1
DA:13,1
DA:14,1
DA:15,1
DA:16,1
DA:17,1
DA:18,1
DA:19,1
LF:19
LH:19
BRF:0
BRH:0
end_of_record
TN:
SF:src\core\infra\database\repositories\db-user-repository.ts
FN:10,UserRepository
FN:14,retrieveUserByName
FN:19,retrieveUserById
FN:28,createUser
FNF:4
FNH:0
FNDA:0,UserRepository
FNDA:0,retrieveUserByName
FNDA:0,retrieveUserById
FNDA:0,createUser
DA:1,1
DA:2,1
DA:3,1
DA:4,1
DA:5,1
DA:6,1
DA:7,1
DA:8,1
DA:9,1
DA:10,1
DA:11,0
DA:12,0
DA:13,1
DA:14,1
DA:15,0
DA:16,0
DA:17,0
DA:18,1
DA:19,1
DA:20,0
DA:21,0
DA:22,0
DA:23,0
DA:24,0
DA:25,0
DA:26,0
DA:27,1
DA:28,1
DA:29,0
DA:30,0
DA:31,0
DA:32,0
DA:33,0
DA:34,0
DA:35,0
DA:36,1
LF:36
LH:17
BRF:0
BRH:0
end_of_record
TN:
SF:src\core\infra\database\repositories\redis-cache-repository.ts
FN:9,CacheRepository
FN:13,setRefreshing
FN:17,needRefreshing
FN:21,save
FN:28,retrieve
FN:33,delete
FNF:6
FNH:0
FNDA:0,CacheRepository
FNDA:0,setRefreshing
FNDA:0,needRefreshing
FNDA:0,save
FNDA:0,retrieve
FNDA:0,delete
DA:1,1
DA:2,1
DA:3,1
DA:4,1
DA:5,1
DA:6,1
DA:7,1
DA:8,1
DA:9,1
DA:10,0
DA:11,0
DA:12,1
DA:13,1
DA:14,0
DA:15,0
DA:16,1
DA:17,1
DA:18,0
DA:19,0
DA:20,1
DA:21,1
DA:22,0
DA:23,0
DA:24,0
DA:25,0
DA:26,0
DA:27,1
DA:28,1
DA:29,0
DA:30,0
DA:31,0
DA:32,1
DA:33,1
DA:34,0
DA:35,0
DA:36,0
DA:37,0
DA:38,0
DA:39,1
LF:39
LH:20
BRF:0
BRH:0
end_of_record
TN:
SF:src\core\presentation\routes.ts
FN:7,makeRoutes
FNF:1
FNH:0
FNDA:0,makeRoutes
DA:1,1
DA:2,1
DA:3,1
DA:4,1
DA:5,1
DA:6,1
DA:7,1
DA:8,0
DA:9,0
DA:10,0
DA:11,0
LF:11
LH:7
BRF:0
BRH:0
end_of_record
TN:
SF:src\core\presentation\server.ts
FN:10,createServer
FN:20,initServer
FNF:2
FNH:0
FNDA:0,createServer
FNDA:0,initServer
DA:1,1
DA:2,1
DA:3,1
DA:4,1
DA:5,1
DA:6,1
DA:7,1
DA:8,1
DA:9,1
DA:10,1
DA:11,0
DA:12,0
DA:13,0
DA:14,0
DA:15,0
DA:16,0
DA:17,0
DA:18,0
DA:19,1
DA:20,1
DA:21,0
DA:22,0
DA:23,0
DA:24,0
LF:24
LH:12
BRF:0
BRH:0
end_of_record
TN:
SF:src\core\presentation\errors\controller-error.ts
FN:4,ControllerError
FNF:1
FNH:0
FNDA:0,ControllerError
DA:1,1
DA:2,1
DA:3,1
DA:4,1
DA:5,0
DA:6,0
DA:7,0
DA:8,0
DA:9,1
LF:9
LH:5
BRF:0
BRH:0
end_of_record
TN:
SF:src\core\presentation\helpers\http-handler.ts
FN:6,successResponse
FN:14,failureResponse
FNF:2
FNH:0
FNDA:0,successResponse
FNDA:0,failureResponse
DA:1,1
DA:2,1
DA:3,1
DA:4,1
DA:5,1
DA:6,1
DA:7,0
DA:8,0
DA:9,0
DA:10,0
DA:11,0
DA:12,0
DA:13,1
DA:14,1
DA:15,0
DA:16,0
DA:17,0
DA:18,0
DA:19,0
DA:20,0
DA:21,0
DA:22,0
DA:23,0
DA:24,0
DA:25,0
DA:26,0
DA:27,0
DA:28,0
LF:28
LH:8
BRF:0
BRH:0
end_of_record
TN:
SF:src\core\presentation\middlewares\log-requests-middleware.ts
FN:3,logRequest
FNF:1
FNH:0
FNDA:0,logRequest
DA:1,1
DA:2,1
DA:3,1
DA:4,0
DA:5,0
DA:6,0
DA:7,0
DA:8,0
DA:9,0
LF:9
LH:3
BRF:0
BRH:0
end_of_record
TN:
SF:src\features\auth\domain\errors\invalid-credentials-error.ts
FN:4,InvalidCredentialsError
FNF:1
FNH:1
FNDA:2,InvalidCredentialsError
DA:1,1
DA:2,1
DA:3,1
DA:4,1
DA:5,2
DA:6,2
DA:7,2
DA:8,1
LF:8
LH:8
BRDA:4,0,0,2
BRF:1
BRH:1
end_of_record
TN:
SF:src\features\auth\domain\usecases\login-usecase.ts
FN:12,LoginUseCase
FN:16,run
FNF:2
FNH:2
FNDA:3,LoginUseCase
FNDA:3,run
DA:1,1
DA:2,1
DA:3,1
DA:4,1
DA:5,1
DA:6,1
DA:7,1
DA:8,1
DA:9,1
DA:10,1
DA:11,1
DA:12,1
DA:13,3
DA:14,3
DA:15,1
DA:16,1
DA:17,3
DA:18,3
DA:19,2
DA:20,1
DA:21,1
DA:22,1
DA:23,3
DA:24,3
DA:25,1
LF:25
LH:25
BRDA:12,0,0,3
BRDA:16,1,0,3
BRDA:18,2,0,2
BRDA:19,3,0,1
BRDA:23,4,0,1
BRF:5
BRH:5
end_of_record
TN:
SF:src\features\auth\infra\adapters\token-generation.ts
FN:5,generateToken
FNF:1
FNH:0
FNDA:0,generateToken
DA:1,1
DA:2,1
DA:3,1
DA:4,1
DA:5,0
DA:6,0
DA:7,0
DA:8,0
DA:9,0
DA:10,0
DA:11,0
DA:12,0
DA:13,0
DA:14,0
LF:14
LH:4
BRF:0
BRH:0
end_of_record
TN:
SF:src\features\auth\presentation\controllers\login-controller.ts
FN:7,LoginController
FN:9,execute
FNF:2
FNH:0
FNDA:0,LoginController
FNDA:0,execute
DA:1,1
DA:2,1
DA:3,1
DA:4,1
DA:5,1
DA:6,1
DA:7,1
DA:8,1
DA:9,1
DA:10,0
DA:11,0
DA:12,0
DA:13,0
DA:14,0
DA:15,0
DA:16,0
DA:17,0
DA:18,0
DA:19,0
DA:20,0
DA:21,0
DA:22,1
LF:22
LH:10
BRF:0
BRH:0
end_of_record
TN:
SF:src\features\auth\presentation\routes\auth-routes.ts
FN:7,getRoutes
FNF:1
FNH:0
FNDA:0,getRoutes
DA:1,1
DA:2,1
DA:3,1
DA:4,1
DA:5,1
DA:6,1
DA:7,1
DA:8,0
DA:9,0
DA:10,0
DA:11,0
DA:12,0
DA:13,0
DA:14,0
DA:15,1
LF:15
LH:8
BRF:0
BRH:0
end_of_record
TN:
SF:src\features\note\domain\errors\note-not-found-error.ts
FN:4,NoteNotFoundError
FNF:1
FNH:0
FNDA:0,NoteNotFoundError
DA:1,1
DA:2,1
DA:3,1
DA:4,1
DA:5,0
DA:6,0
DA:7,0
DA:8,1
LF:8
LH:5
BRF:0
BRH:0
end_of_record
TN:
SF:src\features\note\domain\errors\user-not-found-error.ts
FN:4,UserNotFoundError
FNF:1
FNH:0
FNDA:0,UserNotFoundError
DA:1,1
DA:2,1
DA:3,1
DA:4,1
DA:5,0
DA:6,0
DA:7,0
DA:8,1
LF:8
LH:5
BRF:0
BRH:0
end_of_record
TN:
SF:src\features\note\domain\usecases\create-note-usecase.ts
FN:16,CreateNoteUseCase
FN:21,run
FNF:2
FNH:0
FNDA:0,CreateNoteUseCase
FNDA:0,run
DA:1,1
DA:2,1
DA:3,1
DA:4,1
DA:5,1
DA:6,1
DA:7,1
DA:8,1
DA:9,1
DA:10,1
DA:11,1
DA:12,1
DA:13,1
DA:14,1
DA:15,1
DA:16,1
DA:17,0
DA:18,0
DA:19,0
DA:20,1
DA:21,1
DA:22,0
DA:23,0
DA:24,0
DA:25,0
DA:26,0
DA:27,0
DA:28,0
DA:29,0
DA:30,0
DA:31,0
DA:32,0
DA:33,0
DA:34,1
LF:34
LH:19
BRF:0
BRH:0
end_of_record
TN:
SF:src\features\note\domain\usecases\delete-note-usecase.ts
FN:11,DeleteNoteUseCase
FN:14,run
FNF:2
FNH:0
FNDA:0,DeleteNoteUseCase
FNDA:0,run
DA:1,1
DA:2,1
DA:3,1
DA:4,1
DA:5,1
DA:6,1
DA:7,1
DA:8,1
DA:9,1
DA:10,1
DA:11,1
DA:12,0
DA:13,1
DA:14,1
DA:15,0
DA:16,0
DA:17,0
DA:18,0
DA:19,0
DA:20,0
DA:21,0
DA:22,1
LF:22
LH:14
BRF:0
BRH:0
end_of_record
TN:
SF:src\features\note\domain\usecases\edit-note-usecase.ts
FN:13,EditNoteUseCase
FN:16,run
FNF:2
FNH:0
FNDA:0,EditNoteUseCase
FNDA:0,run
DA:1,1
DA:2,1
DA:3,1
DA:4,1
DA:5,1
DA:6,1
DA:7,1
DA:8,1
DA:9,1
DA:10,1
DA:11,1
DA:12,1
DA:13,1
DA:14,0
DA:15,1
DA:16,1
DA:17,0
DA:18,0
DA:19,0
DA:20,0
DA:21,0
DA:22,0
DA:23,0
DA:24,1
LF:24
LH:16
BRF:0
BRH:0
end_of_record
TN:
SF:src\features\note\domain\usecases\view-note-usecase.ts
FN:12,ViewNoteUseCase
FN:17,run
FNF:2
FNH:0
FNDA:0,ViewNoteUseCase
FNDA:0,run
DA:1,1
DA:2,1
DA:3,1
DA:4,1
DA:5,1
DA:6,1
DA:7,1
DA:8,1
DA:9,1
DA:10,1
DA:11,1
DA:12,1
DA:13,0
DA:14,0
DA:15,0
DA:16,1
DA:17,1
DA:18,0
DA:19,0
DA:20,0
DA:21,0
DA:22,0
DA:23,0
DA:24,0
DA:25,0
DA:26,0
DA:27,0
DA:28,0
DA:29,0
DA:30,0
DA:31,0
DA:32,0
DA:33,0
DA:34,0
DA:35,0
DA:36,0
DA:37,0
DA:38,0
DA:39,0
DA:40,0
DA:41,0
DA:42,0
DA:43,0
DA:44,0
DA:45,0
DA:46,0
DA:47,0
DA:48,1
LF:48
LH:15
BRF:0
BRH:0
end_of_record
TN:
SF:src\features\note\infra\repositories\db-note-repository.ts
FN:12,NoteRepository
FN:16,createNote
FN:29,editNote
FN:37,removeNote
FNF:4
FNH:0
FNDA:0,NoteRepository
FNDA:0,createNote
FNDA:0,editNote
FNDA:0,removeNote
DA:1,1
DA:2,1
DA:3,1
DA:4,1
DA:5,1
DA:6,1
DA:7,1
DA:8,1
DA:9,1
DA:10,1
DA:11,1
DA:12,1
DA:13,0
DA:14,0
DA:15,1
DA:16,1
DA:17,0
DA:18,0
DA:19,0
DA:20,0
DA:21,0
DA:22,0
DA:23,0
DA:24,0
DA:25,0
DA:26,0
DA:27,0
DA:28,1
DA:29,1
DA:30,0
DA:31,0
DA:32,0
DA:33,0
DA:34,0
DA:35,0
DA:36,1
DA:37,1
DA:38,0
DA:39,0
DA:40,0
DA:41,1
LF:41
LH:19
BRF:0
BRH:0
end_of_record
TN:
SF:src\features\note\presentation\controllers\create-note-controller.ts
FN:8,CreateNoteController
FN:10,execute
FNF:2
FNH:0
FNDA:0,CreateNoteController
FNDA:0,execute
DA:1,1
DA:2,1
DA:3,1
DA:4,1
DA:5,1
DA:6,1
DA:7,1
DA:8,1
DA:9,1
DA:10,1
DA:11,0
DA:12,0
DA:13,0
DA:14,0
DA:15,0
DA:16,0
DA:17,0
DA:18,0
DA:19,0
DA:20,0
DA:21,0
DA:22,0
DA:23,0
DA:24,0
DA:25,1
LF:25
LH:11
BRF:0
BRH:0
end_of_record
TN:
SF:src\features\note\presentation\controllers\delete-note-controller.ts
FN:9,DeleteNoteController
FN:11,execute
FNF:2
FNH:0
FNDA:0,DeleteNoteController
FNDA:0,execute
DA:1,1
DA:2,1
DA:3,1
DA:4,1
DA:5,1
DA:6,1
DA:7,1
DA:8,1
DA:9,1
DA:10,1
DA:11,1
DA:12,0
DA:13,0
DA:14,0
DA:15,0
DA:16,0
DA:17,0
DA:18,0
DA:19,0
DA:20,0
DA:21,0
DA:22,0
DA:23,0
DA:24,1
LF:24
LH:12
BRF:0
BRH:0
end_of_record
TN:
SF:src\features\note\presentation\controllers\edit-note-controller.ts
FN:9,EditNoteController
FN:11,execute
FNF:2
FNH:0
FNDA:0,EditNoteController
FNDA:0,execute
DA:1,1
DA:2,1
DA:3,1
DA:4,1
DA:5,1
DA:6,1
DA:7,1
DA:8,1
DA:9,1
DA:10,1
DA:11,1
DA:12,0
DA:13,0
DA:14,0
DA:15,0
DA:16,0
DA:17,0
DA:18,0
DA:19,0
DA:20,0
DA:21,0
DA:22,0
DA:23,0
DA:24,0
DA:25,0
DA:26,1
LF:26
LH:12
BRF:0
BRH:0
end_of_record
TN:
SF:src\features\note\presentation\controllers\view-note-controller.ts
FN:7,ViewNoteController
FN:9,execute
FNF:2
FNH:0
FNDA:0,ViewNoteController
FNDA:0,execute
DA:1,1
DA:2,1
DA:3,1
DA:4,1
DA:5,1
DA:6,1
DA:7,1
DA:8,1
DA:9,1
DA:10,0
DA:11,0
DA:12,0
DA:13,0
DA:14,0
DA:15,0
DA:16,0
DA:17,0
DA:18,0
DA:19,0
DA:20,0
DA:21,0
DA:22,1
LF:22
LH:10
BRF:0
BRH:0
end_of_record
TN:
SF:src\features\note\presentation\middlewares\validate-token-middleware.ts
FN:5,extractTokenFromHeader
FN:9,validateToken
FNF:2
FNH:0
FNDA:0,extractTokenFromHeader
FNDA:0,validateToken
DA:1,1
DA:2,1
DA:3,1
DA:4,1
DA:5,0
DA:6,0
DA:7,0
DA:8,1
DA:9,1
DA:10,0
DA:11,0
DA:12,0
DA:13,0
DA:14,0
DA:15,0
DA:16,0
DA:17,0
DA:18,0
DA:19,0
DA:20,0
DA:21,0
DA:22,0
LF:22
LH:6
BRF:0
BRH:0
end_of_record
TN:
SF:src\features\note\presentation\routes\note-routes.ts
FN:16,getRoutes
FNF:1
FNH:0
FNDA:0,getRoutes
DA:1,1
DA:2,1
DA:3,1
DA:4,1
DA:5,1
DA:6,1
DA:7,1
DA:8,1
DA:9,1
DA:10,1
DA:11,1
DA:12,1
DA:13,1
DA:14,1
DA:15,1
DA:16,1
DA:17,0
DA:18,0
DA:19,0
DA:20,0
DA:21,0
DA:22,0
DA:23,0
DA:24,0
DA:25,0
DA:26,0
DA:27,0
DA:28,0
DA:29,0
DA:30,0
DA:31,0
DA:32,0
DA:33,0
DA:34,0
DA:35,0
DA:36,0
DA:37,0
DA:38,0
DA:39,0
DA:40,0
DA:41,0
DA:42,0
DA:43,0
DA:44,0
DA:45,0
DA:46,0
DA:47,1
LF:47
LH:17
BRF:0
BRH:0
end_of_record
TN:
SF:src\features\user\domain\contracts\user-limits.ts
FNF:0
FNH:0
DA:1,1
DA:2,1
LF:2
LH:2
BRF:0
BRH:0
end_of_record
TN:
SF:src\features\user\domain\errors\empty-username-error.ts
FN:4,InvalidUsernameError
FNF:1
FNH:1
FNDA:1,InvalidUsernameError
DA:1,1
DA:2,1
DA:3,1
DA:4,1
DA:5,1
DA:6,1
DA:7,1
DA:8,1
LF:8
LH:8
BRDA:4,0,0,1
BRF:1
BRH:1
end_of_record
TN:
SF:src\features\user\domain\errors\password-length-error.ts
FN:5,PasswordLengthError
FNF:1
FNH:1
FNDA:1,PasswordLengthError
DA:1,1
DA:2,1
DA:3,1
DA:4,1
DA:5,1
DA:6,1
DA:7,1
DA:8,1
DA:9,1
LF:9
LH:9
BRDA:5,0,0,1
BRF:1
BRH:1
end_of_record
TN:
SF:src\features\user\domain\errors\user-already-exists-error.ts
FN:4,UserAlreadyExistsError
FNF:1
FNH:1
FNDA:1,UserAlreadyExistsError
DA:1,1
DA:2,1
DA:3,1
DA:4,1
DA:5,1
DA:6,1
DA:7,1
DA:8,1
LF:8
LH:8
BRDA:4,0,0,1
BRF:1
BRH:1
end_of_record
TN:
SF:src\features\user\domain\errors\username-length-error.ts
FN:5,UsernameLengthError
FNF:1
FNH:1
FNDA:1,UsernameLengthError
DA:1,1
DA:2,1
DA:3,1
DA:4,1
DA:5,1
DA:6,1
DA:7,1
DA:8,1
DA:9,1
DA:10,1
LF:10
LH:10
BRDA:5,0,0,1
BRF:1
BRH:1
end_of_record
TN:
SF:src\features\user\domain\usecases\signup-usecase.ts
FN:15,SignUpUseCase
FN:19,run
FNF:2
FNH:2
FNDA:5,SignUpUseCase
FNDA:5,run
DA:1,1
DA:2,1
DA:3,1
DA:4,1
DA:5,1
DA:6,1
DA:7,1
DA:8,1
DA:9,1
DA:10,1
DA:11,1
DA:12,1
DA:13,1
DA:14,1
DA:15,1
DA:16,5
DA:17,5
DA:18,1
DA:19,1
DA:20,5
DA:21,5
DA:22,1
DA:23,1
DA:24,5
DA:25,1
DA:26,1
DA:27,5
DA:28,5
DA:29,1
DA:30,1
DA:31,2
DA:32,2
DA:33,5
DA:34,1
DA:35,1
DA:36,1
DA:37,1
DA:38,1
DA:39,1
DA:40,1
LF:40
LH:40
BRDA:15,0,0,5
BRDA:19,1,0,5
BRDA:21,2,0,1
BRDA:24,3,0,4
BRDA:24,4,0,1
BRDA:28,5,0,1
BRDA:31,6,0,2
BRDA:33,7,0,1
BRF:8
BRH:8
end_of_record
TN:
SF:src\features\user\presentation\controllers\signup-controller.ts
FN:8,UserController
FN:10,execute
FNF:2
FNH:0
FNDA:0,UserController
FNDA:0,execute
DA:1,1
DA:2,1
DA:3,1
DA:4,1
DA:5,1
DA:6,1
DA:7,1
DA:8,1
DA:9,1
DA:10,1
DA:11,0
DA:12,0
DA:13,0
DA:14,0
DA:15,0
DA:16,0
DA:17,0
DA:18,0
DA:19,0
DA:20,0
DA:21,0
DA:22,0
DA:23,0
DA:24,1
LF:24
LH:11
BRF:0
BRH:0
end_of_record
TN:
SF:src\features\user\presentation\routes\user-routes.ts
FN:7,getRoutes
FNF:1
FNH:0
FNDA:0,getRoutes
DA:1,1
DA:2,1
DA:3,1
DA:4,1
DA:5,1
DA:6,1
DA:7,1
DA:8,0
DA:9,0
DA:10,0
DA:11,0
DA:12,0
DA:13,0
DA:14,0
DA:15,1
LF:15
LH:8
BRF:0
BRH:0
end_of_record
